<?xml version="1.0" encoding="UTF-8"?>
<!-- Generated by org.testng.reporters.JUnitReportReporter -->
<testsuite hostname="Shubham" failures="0" tests="7" name="TestCases.TC_0003_Validate_login_DDT" time="55.532" errors="0" timestamp="2025-02-28T10:09:26 IST" skipped="0">
  <testcase classname="TestCases.TC_0003_Validate_login_DDT" name="testDDTLogin" time="2.381"/>
  <testcase classname="TestCases.TC_0003_Validate_login_DDT" name="testDDTLogin" time="12.144"/>
  <testcase classname="TestCases.TC_0003_Validate_login_DDT" name="testDDTLogin" time="2.625"/>
  <testcase classname="TestCases.TC_0003_Validate_login_DDT" name="testDDTLogin" time="11.253"/>
  <testcase classname="TestCases.TC_0003_Validate_login_DDT" name="testDDTLogin" time="12.385"/>
  <testcase classname="TestCases.TC_0003_Validate_login_DDT" name="testDDTLogin" time="12.042"/>
  <testcase classname="TestCases.TC_0003_Validate_login_DDT" name="testDDTLogin" time="2.702"/>
</testsuite> <!-- TestCases.TC_0003_Validate_login_DDT -->
